<?xml version="1.0" encoding="UTF-8"?>
<!-- Generated by org.testng.reporters.JUnitReportReporter -->
<testsuite skipped="0" hostname="Zeeshan" name="com.pro.testcases.AddNewvisitor" tests="1" failures="0" timestamp="16 May 2020 13:13:52 GMT" time="6.426" errors="0">
  <testcase name="addVisitor" time="6.426" classname="com.pro.testcases.AddNewvisitor"/>
</testsuite> <!-- com.pro.testcases.AddNewvisitor -->
