<?xml version="1.0" encoding="UTF-8"?>
<!-- Generated by org.testng.reporters.JUnitReportReporter -->
<testsuite skipped="0" hostname="Zeeshan" name="com.pro.testcases.SearchVisitor" tests="1" failures="0" timestamp="16 May 2020 13:13:52 GMT" time="4.839" errors="0">
  <testcase name="searchVisitor" time="4.839" classname="com.pro.testcases.SearchVisitor"/>
</testsuite> <!-- com.pro.testcases.SearchVisitor -->
