<?xml version="1.0" encoding="UTF-8"?>
<!-- Generated by org.testng.reporters.JUnitReportReporter -->
<testsuite skipped="0" hostname="Zeeshan" name="com.pro.testcases.DatewiseReport" tests="1" failures="0" timestamp="16 May 2020 13:13:52 GMT" time="3.482" errors="0">
  <testcase name="Report" time="3.482" classname="com.pro.testcases.DatewiseReport"/>
</testsuite> <!-- com.pro.testcases.DatewiseReport -->
