<?xml version="1.0" encoding="UTF-8"?>
<!-- Generated by org.testng.reporters.JUnitReportReporter -->
<testsuite skipped="0" hostname="Zeeshan" name="com.pro.testcases.ManageConfirmvisitor" tests="1" failures="0" timestamp="16 May 2020 13:13:52 GMT" time="3.892" errors="0">
  <testcase name="manageConfirmVisitor" time="3.892" classname="com.pro.testcases.ManageConfirmvisitor"/>
</testsuite> <!-- com.pro.testcases.ManageConfirmvisitor -->
