<?xml version="1.0" encoding="UTF-8"?>
<!-- Generated by org.testng.reporters.JUnitReportReporter -->
<testsuite skipped="0" hostname="Zeeshan" name="com.pro.testcases.ManagePendingvisitor" tests="1" failures="0" timestamp="16 May 2020 13:13:52 GMT" time="5.924" errors="0">
  <testcase name="clickmanagePendingVisitor" time="5.924" classname="com.pro.testcases.ManagePendingvisitor"/>
</testsuite> <!-- com.pro.testcases.ManagePendingvisitor -->
